C51 COMPILER V9.59.0.0   DEFINITIONS                                                       01/13/2019 16:59:34 PAGE 1   


C51 COMPILER V9.59.0.0, COMPILATION OF MODULE DEFINITIONS
OBJECT MODULE PLACED IN .\Objects\definitions.obj
COMPILER INVOKED BY: D:\Keil_v5\C51\BIN\C51.EXE definitions.c OPTIMIZE(8,SPEED) BROWSE DEBUG OBJECTEXTEND PRINT(.\Listin
                    -gs\definitions.lst) TABS(2) OBJECT(.\Objects\definitions.obj)

line level    source

   1          #include "definitions.h"
   2          
   3          
   4          
   5            /**
   6            * Checking for flags from incoming transmission
   7            *
   8            if(received=='S')
   9            {
  10              new_data = TRUE;
  11              
  12              mode_data = TRUE;
  13              freq_data = FALSE;
  14              duty_cycle_data = FALSE;
  15              
  16              message_index++;
  17              return;
  18            }
  19            else if(received == 'D')
  20            {
  21              mode_data = FALSE;
  22              duty_cycle_data = TRUE;
  23              freq_data = FALSE;    
  24              
  25              message_index++;
  26              return;
  27            }
  28            else if(received == 'F')
  29            {
  30              mode_data = FALSE;
  31              duty_cycle_data = FALSE;
  32              freq_data = TRUE;
  33              
  34              message_index++;
  35              return;
  36            }
  37            else if(received == 'E')
  38            {
  39              new_data = FALSE;
  40              
  41              mode_data = FALSE;
  42              freq_data = FALSE;
  43              duty_cycle_data = FALSE;
  44              two_channel = FALSE;
  45              
  46              message_index = 0;
  47              return;
  48            }
  49            
  50            /**
  51            * Incoming data analysis
  52            *
  53            if(new_data)
  54            {
C51 COMPILER V9.59.0.0   DEFINITIONS                                                       01/13/2019 16:59:34 PAGE 2   

  55              if(mode_data)
  56              {
  57                operation_mode = received;
  58                if(operation_mode!=49){
  59                  two_channel = TRUE;
  60                }
  61              }
  62              
  63              if(duty_cycle_data)
  64              {
  65                if(!two_channel)
  66                {
  67                  // for single channel
  68                  duty_cycle_1_t[message_index - 3] = received;
  69                }
  70                else
  71                {
  72                  // for double channel
  73                  if(message_index < 5)
  74                  {
  75                    duty_cycle_1_t[message_index - 3] = received;
  76                  }
  77                  else
  78                  {
  79                    duty_cycle_2_t[message_index - 5] = received;
  80                  }
  81                }
  82              }
  83              
  84              if(freq_data)
  85              {
  86                if(!two_channel)
  87                {
  88                  // for single channel
  89                  frequency_1_t[message_index - 6] = received;
  90                }
  91                else
  92                {
  93                  // for double channel
  94                  if(message_index < 16)
  95                  {
  96                    frequency_1_t[message_index - 8] = received;
  97                  }
  98                  else
  99                  {
 100                    frequency_2_t[message_index - 16] = received;
 101                  }
 102                }
 103              }
 104              message_index++;
 105            }*/


MODULE INFORMATION:   STATIC OVERLAYABLE
   CODE SIZE        =   ----    ----
   CONSTANT SIZE    =   ----    ----
   XDATA SIZE       =   ----    ----
   PDATA SIZE       =   ----    ----
   DATA SIZE        =   ----    ----
   IDATA SIZE       =   ----    ----
   BIT SIZE         =   ----    ----
END OF MODULE INFORMATION.

C51 COMPILER V9.59.0.0   DEFINITIONS                                                       01/13/2019 16:59:34 PAGE 3   


C51 COMPILATION COMPLETE.  0 WARNING(S),  0 ERROR(S)
