C51 COMPILER V9.59.0.0   HEADER                                                            01/23/2019 18:11:52 PAGE 1   


C51 COMPILER V9.59.0.0, COMPILATION OF MODULE HEADER
OBJECT MODULE PLACED IN .\Objects\header.obj
COMPILER INVOKED BY: D:\Keil_v5\C51\BIN\C51.EXE header.c OPTIMIZE(8,SPEED) BROWSE DEBUG OBJECTEXTEND PRINT(.\Listings\he
                    -ader.lst) TABS(2) OBJECT(.\Objects\header.obj)

line level    source

   1          #include "header.h"
   2          
   3          
   4          
   5          
   6          
   7          


MODULE INFORMATION:   STATIC OVERLAYABLE
   CODE SIZE        =   ----    ----
   CONSTANT SIZE    =   ----    ----
   XDATA SIZE       =   ----    ----
   PDATA SIZE       =   ----    ----
   DATA SIZE        =   ----    ----
   IDATA SIZE       =   ----    ----
   BIT SIZE         =   ----    ----
END OF MODULE INFORMATION.


C51 COMPILATION COMPLETE.  0 WARNING(S),  0 ERROR(S)
