C51 COMPILER V9.59.0.0   PUTCHAR                                                           01/17/2019 14:15:01 PAGE 1   


C51 COMPILER V9.59.0.0, COMPILATION OF MODULE PUTCHAR
OBJECT MODULE PLACED IN .\Objects\putchar.obj
COMPILER INVOKED BY: D:\Keil_v5\C51\BIN\C51.EXE putchar.c OPTIMIZE(8,SPEED) BROWSE DEBUG OBJECTEXTEND PRINT(.\Listings\p
                    -utchar.lst) TABS(2) OBJECT(.\Objects\putchar.obj)

line level    source

   1          #include <reg51.h>
   2          
   3          char putchar (char c)
   4          {
   5   1        SBUF=c;
   6   1        while(!TI);
   7   1        TI=0;
   8   1        return c;
   9   1      }


MODULE INFORMATION:   STATIC OVERLAYABLE
   CODE SIZE        =      8    ----
   CONSTANT SIZE    =   ----    ----
   XDATA SIZE       =   ----    ----
   PDATA SIZE       =   ----    ----
   DATA SIZE        =   ----    ----
   IDATA SIZE       =   ----    ----
   BIT SIZE         =   ----    ----
END OF MODULE INFORMATION.


C51 COMPILATION COMPLETE.  0 WARNING(S),  0 ERROR(S)
