C51 COMPILER V9.59.0.0   TIMERS                                                            01/13/2019 16:59:34 PAGE 1   


C51 COMPILER V9.59.0.0, COMPILATION OF MODULE TIMERS
OBJECT MODULE PLACED IN .\Objects\timers.obj
COMPILER INVOKED BY: D:\Keil_v5\C51\BIN\C51.EXE timers.c OPTIMIZE(8,SPEED) BROWSE DEBUG OBJECTEXTEND PRINT(.\Listings\ti
                    -mers.lst) TABS(2) OBJECT(.\Objects\timers.obj)

line level    source

   1          /**
   2           * @author Krzysztof Stezala
   3           * @date 2018-11-30
   4           * @version 1.0
   5           * @brief Timers settings
   6           */
   7           
   8           #include "timers.h"


MODULE INFORMATION:   STATIC OVERLAYABLE
   CODE SIZE        =   ----    ----
   CONSTANT SIZE    =   ----    ----
   XDATA SIZE       =   ----    ----
   PDATA SIZE       =   ----    ----
   DATA SIZE        =   ----    ----
   IDATA SIZE       =   ----    ----
   BIT SIZE         =   ----    ----
END OF MODULE INFORMATION.


C51 COMPILATION COMPLETE.  0 WARNING(S),  0 ERROR(S)
